[2018-05-31 12:19] [PACMAN] Running 'pacman -Syu --root /tmp/newmsys/msys64'
[2018-05-31 12:19] [PACMAN] synchronizing package lists
[2018-05-31 12:19] [PACMAN] starting core system upgrade
[2018-05-31 12:19] [PACMAN] starting full system upgrade
[2018-05-31 12:19] [PACMAN] Running 'pacman -S --noconfirm --root /tmp/newmsys/msys64 base'
[2018-05-31 12:20] [ALPM] transaction started
[2018-05-31 12:20] [ALPM] installed msys2-runtime (2.10.0-2)
[2018-05-31 12:20] [ALPM] installed bash (4.4.019-3)
[2018-05-31 12:20] [ALPM] installed bash-completion (2.8-1)
[2018-05-31 12:20] [ALPM] installed gcc-libs (7.3.0-1)
[2018-05-31 12:20] [ALPM] installed libbz2 (1.0.6-2)
[2018-05-31 12:20] [ALPM] installed libiconv (1.15-1)
[2018-05-31 12:20] [ALPM] installed libintl (0.19.8.1-1)
[2018-05-31 12:20] [ALPM] installed libgettextpo (0.19.8.1-1)
[2018-05-31 12:20] [ALPM] installed libasprintf (0.19.8.1-1)
[2018-05-31 12:20] [ALPM] installed gettext (0.19.8.1-1)
[2018-05-31 12:20] [ALPM] installed liblzma (5.2.3-1)
[2018-05-31 12:20] [ALPM] installed liblzo2 (2.10-1)
[2018-05-31 12:20] [ALPM] installed gmp (6.1.2-1)
[2018-05-31 12:20] [ALPM] installed libnettle (3.3-1)
[2018-05-31 12:20] [ALPM] installed coreutils (8.26-3)
[2018-05-31 12:20] [ALPM] installed icu (60.2-1)
[2018-05-31 12:21] [ALPM] installed ncurses (6.1.20180526-1)
[2018-05-31 12:21] [ALPM] installed libreadline (7.0.003-2)
[2018-05-31 12:21] [ALPM] installed zlib (1.2.11-1)
[2018-05-31 12:21] [ALPM] installed libxml2 (2.9.7-2)
[2018-05-31 12:21] [ALPM] installed bsdcpio (3.3.2-1)
[2018-05-31 12:21] [ALPM] installed bsdtar (3.3.2-1)
[2018-05-31 12:21] [ALPM] installed bzip2 (1.0.6-2)
[2018-05-31 12:21] [ALPM] installed libopenssl (1.0.2.m-1)
[2018-05-31 12:21] [ALPM] installed openssl (1.0.2.m-1)
[2018-05-31 12:21] [ALPM] installed findutils (4.6.0-1)
[2018-05-31 12:21] [ALPM] installed sed (4.4-2)
[2018-05-31 12:21] [ALPM] installed libffi (3.2.1-1)
[2018-05-31 12:21] [ALPM] installed libpcre (8.40-2)
[2018-05-31 12:21] [ALPM] installed less (529-1)
[2018-05-31 12:21] [ALPM] installed gzip (1.9-1)
[2018-05-31 12:21] [ALPM] installed info (6.3-1)
[2018-05-31 12:21] [ALPM] installed libtasn1 (4.13-1)
[2018-05-31 12:21] [ALPM] installed libgpg-error (1.27-1)
[2018-05-31 12:21] [ALPM] installed libgcrypt (1.8.1-1)
[2018-05-31 12:21] [ALPM] installed libxslt (1.1.32-1)
[2018-05-31 12:21] [ALPM] installed glib2 (2.48.2-1)
[2018-05-31 12:21] [ALPM] installed libp11-kit (0.23.9-1)
[2018-05-31 12:21] [ALPM] installed p11-kit (0.23.9-1)
[2018-05-31 12:21] [ALPM] installed ca-certificates (20170717-2)
[2018-05-31 12:21] [ALPM] installed libdb (5.3.28-2)
[2018-05-31 12:21] [ALPM] installed libcrypt (2.1-1)
[2018-05-31 12:21] [ALPM] installed libedit (3.1-20170329)
[2018-05-31 12:21] [ALPM] installed libsqlite (3.21.0-2)
[2018-05-31 12:21] [ALPM] installed heimdal-libs (1.5.3-9)
[2018-05-31 12:21] [ALPM] installed libunistring (0.9.7-2)
[2018-05-31 12:21] [ALPM] installed libidn2 (2.0.4-2)
[2018-05-31 12:21] [ALPM] installed libexpat (2.2.5-1)
[2018-05-31 12:21] [ALPM] installed libmetalink (0.1.3-2)
[2018-05-31 12:21] [ALPM] installed libnghttp2 (1.30.0-1)
[2018-05-31 12:21] [ALPM] installed libpsl (0.19.1-1)
[2018-05-31 12:21] [ALPM] installed libssh2 (1.8.0-1)
[2018-05-31 12:21] [ALPM] installed libcurl (7.58.0-1)
[2018-05-31 12:21] [ALPM] installed curl (7.58.0-1)
[2018-05-31 12:21] [ALPM] installed filesystem (2018.04-1)
[2018-05-31 12:21] [ALPM] installed grep (3.0-1)
[2018-05-31 12:21] [ALPM] installed dash (0.5.9.1-1)
[2018-05-31 12:21] [ALPM] installed dtc (1.4.4-1)
[2018-05-31 12:21] [ALPM] installed file (5.33-1)
[2018-05-31 12:21] [ALPM] installed m4 (1.4.18-1)
[2018-05-31 12:21] [ALPM] installed flex (2.6.4-1)
[2018-05-31 12:21] [ALPM] installed mpfr (4.0.1-1)
[2018-05-31 12:21] [ALPM] installed gawk (4.2.0-1)
[2018-05-31 12:21] [ALPM] installed libargp (20110921-1)
[2018-05-31 12:21] [ALPM] installed getent (2.18.90-2)
[2018-05-31 12:21] [ALPM] installed tftp-hpa (5.2-2)
[2018-05-31 12:21] [ALPM] installed inetutils (1.9.4-1)
[2018-05-31 12:21] [ALPM] installed lndir (1.0.3-1)
[2018-05-31 12:21] [ALPM] installed mintty (1~2.8.5-1)
[2018-05-31 12:21] [ALPM] installed msys2-keyring (r9.397a52e-1)
[2018-05-31 12:21] [ALPM] installed msys2-launcher-git (0.3.32.56c2ba7-2)
[2018-05-31 12:21] [ALPM] installed gnupg (1.4.22-3)
[2018-05-31 12:21] [ALPM] installed pacman-mirrors (20180419-1)
[2018-05-31 12:21] [ALPM] installed which (2.21-2)
[2018-05-31 12:21] [ALPM] installed xz (5.2.3-1)
[2018-05-31 12:21] [ALPM] installed pacman (5.0.1-7)
[2018-05-31 12:21] [ALPM] installed libarchive (3.3.2-1)
[2018-05-31 12:21] [ALPM] installed libpcre16 (8.40-2)
[2018-05-31 12:21] [ALPM] installed libpcre32 (8.40-2)
[2018-05-31 12:21] [ALPM] installed libpcrecpp (8.40-2)
[2018-05-31 12:21] [ALPM] installed libpcreposix (8.40-2)
[2018-05-31 12:21] [ALPM] installed pcre (8.40-2)
[2018-05-31 12:21] [ALPM] installed pkgfile (17-1)
[2018-05-31 12:21] [ALPM-SCRIPTLET] ==> Run 'pkgfile --update' to initialize the database
[2018-05-31 12:21] [ALPM] installed libassuan (2.4.3-1)
[2018-05-31 12:21] [ALPM] installed libgpgme (1.6.0-1)
[2018-05-31 12:21] [ALPM] installed libutil-linux (2.26.2-1)
[2018-05-31 12:21] [ALPM] installed wget (1.19.4-1)
[2018-05-31 12:21] [ALPM] installed pactoys-git (r2.07ca37f-1)
[2018-05-31 12:21] [ALPM] installed pax-git (20161104.2-1)
[2018-05-31 12:21] [ALPM] installed rebase (4.4.2-1)
[2018-05-31 12:21] [ALPM] installed time (1.7-1)
[2018-05-31 12:21] [ALPM] installed ttyrec (1.0.8-1)
[2018-05-31 12:21] [ALPM] installed tzcode (2018.c-1)
[2018-05-31 12:21] [ALPM] installed util-linux (2.26.2-1)
[2018-05-31 12:21] [ALPM] transaction completed
[2019-03-08 11:08] [PACMAN] Running 'pacman -Syu'
[2019-03-08 11:08] [PACMAN] synchronizing package lists
[2019-03-08 11:08] [PACMAN] starting core system upgrade
[2019-03-08 11:09] [ALPM] transaction started
[2019-03-08 11:09] [ALPM] upgraded msys2-runtime (2.10.0-2 -> 2.11.2-1)
[2019-03-08 11:09] [ALPM] upgraded bash (4.4.019-3 -> 4.4.023-1)
[2019-03-08 11:09] [ALPM] upgraded filesystem (2018.04-1 -> 2018.12-1)
[2019-03-08 11:09] [ALPM] upgraded mintty (1~2.8.5-1 -> 1~2.9.5-1)
[2019-03-08 11:09] [ALPM] upgraded pacman-mirrors (20180419-1 -> 20180604-2)
[2019-03-08 11:09] [ALPM] upgraded pacman (5.0.1-7 -> 5.1.2-2)
[2019-03-08 11:09] [ALPM] transaction completed
[2019-03-08 11:10] [PACMAN] Running 'pacman -Syu'
[2019-03-08 11:10] [PACMAN] synchronizing package lists
[2019-03-08 11:10] [PACMAN] starting core system upgrade
[2019-03-08 11:10] [PACMAN] starting full system upgrade
[2019-03-08 11:11] [ALPM] transaction started
[2019-03-08 11:11] [ALPM] upgraded bash-completion (2.8-1 -> 2.8-2)
[2019-03-08 11:11] [ALPM] upgraded gcc-libs (7.3.0-1 -> 7.4.0-1)
[2019-03-08 11:11] [ALPM] upgraded libexpat (2.2.5-1 -> 2.2.6-1)
[2019-03-08 11:11] [ALPM] upgraded liblzma (5.2.3-1 -> 5.2.4-1)
[2019-03-08 11:11] [ALPM] installed liblz4 (1.8.3-1)
[2019-03-08 11:11] [ALPM] upgraded liblzo2 (2.10-1 -> 2.10-2)
[2019-03-08 11:11] [ALPM] installed libhogweed (3.4.1-1)
[2019-03-08 11:11] [ALPM] upgraded libnettle (3.3-1 -> 3.4.1-1)
[2019-03-08 11:11] [ALPM] upgraded coreutils (8.26-3 -> 8.30-1)
[2019-03-08 11:11] [ALPM] upgraded icu (60.2-1 -> 62.1-1)
[2019-03-08 11:12] [ALPM] upgraded ncurses (6.1.20180526-1 -> 6.1.20180908-1)
[2019-03-08 11:12] [ALPM] upgraded libreadline (7.0.003-2 -> 7.0.005-1)
[2019-03-08 11:12] [ALPM] upgraded libxml2 (2.9.7-2 -> 2.9.9-2)
[2019-03-08 11:12] [ALPM] upgraded bsdcpio (3.3.2-1 -> 3.3.3-3)
[2019-03-08 11:12] [ALPM] upgraded bsdtar (3.3.2-1 -> 3.3.3-3)
[2019-03-08 11:12] [ALPM] upgraded libopenssl (1.0.2.m-1 -> 1.1.1.b-1)
[2019-03-08 11:12] [ALPM] upgraded openssl (1.0.2.m-1 -> 1.1.1.b-1)
[2019-03-08 11:12] [ALPM] upgraded sed (4.4-2 -> 4.7-1)
[2019-03-08 11:12] [ALPM] upgraded libffi (3.2.1-1 -> 3.2.1-3)
[2019-03-08 11:12] [ALPM] upgraded libgpg-error (1.27-1 -> 1.35-1)
[2019-03-08 11:12] [ALPM] upgraded libgcrypt (1.8.1-1 -> 1.8.4-1)
[2019-03-08 11:12] [ALPM] upgraded libxslt (1.1.32-1 -> 1.1.33-2)
[2019-03-08 11:12] [ALPM] upgraded libpcre (8.40-2 -> 8.43-1)
[2019-03-08 11:12] [ALPM] upgraded glib2 (2.48.2-1 -> 2.54.3-1)
[2019-03-08 11:12] [ALPM] upgraded libcrypt (2.1-1 -> 2.1-2)
[2019-03-08 11:12] [ALPM] upgraded less (529-1 -> 530-1)
[2019-03-08 11:12] [ALPM] upgraded gzip (1.9-1 -> 1.10-1)
[2019-03-08 11:12] [ALPM] upgraded info (6.3-1 -> 6.5-2)
[2019-03-08 11:12] [ALPM] upgraded libp11-kit (0.23.9-1 -> 0.23.15-1)
[2019-03-08 11:12] [ALPM] upgraded p11-kit (0.23.9-1 -> 0.23.15-1)
[2019-03-08 11:12] [ALPM] upgraded ca-certificates (20170717-2 -> 20180409-1)
[2019-03-08 11:12] [ALPM] installed brotli (1.0.7-1)
[2019-03-08 11:12] [ALPM] upgraded libsqlite (3.21.0-2 -> 3.21.0-4)
[2019-03-08 11:12] [ALPM] upgraded heimdal-libs (1.5.3-9 -> 7.5.0-3)
[2019-03-08 11:12] [ALPM] upgraded libunistring (0.9.7-2 -> 0.9.10-1)
[2019-03-08 11:12] [ALPM] upgraded libidn2 (2.0.4-2 -> 2.1.1a-1)
[2019-03-08 11:12] [ALPM] upgraded libnghttp2 (1.30.0-1 -> 1.36.0-1)
[2019-03-08 11:12] [ALPM] upgraded libpsl (0.19.1-1 -> 0.20.2-3)
[2019-03-08 11:12] [ALPM] upgraded libssh2 (1.8.0-1 -> 1.8.0-2)
[2019-03-08 11:12] [ALPM] upgraded libcurl (7.58.0-1 -> 7.64.0-2)
[2019-03-08 11:12] [ALPM] upgraded curl (7.58.0-1 -> 7.64.0-2)
[2019-03-08 11:12] [ALPM] upgraded grep (3.0-1 -> 3.0-2)
[2019-03-08 11:12] [ALPM] upgraded dash (0.5.9.1-1 -> 0.5.10.2-1)
[2019-03-08 11:12] [ALPM] upgraded dtc (1.4.4-1 -> 1.4.7-1)
[2019-03-08 11:12] [ALPM] upgraded file (5.33-1 -> 5.36-1)
[2019-03-08 11:12] [ALPM] upgraded mpfr (4.0.1-1 -> 4.0.2-1)
[2019-03-08 11:12] [ALPM] upgraded gawk (4.2.0-1 -> 4.2.1-2)
[2019-03-08 11:12] [ALPM] upgraded libassuan (2.4.3-1 -> 2.5.3-1)
[2019-03-08 11:12] [ALPM] installed libgnutls (3.6.6-2)
[2019-03-08 11:13] [ALPM] installed libksba (1.3.5-1)
[2019-03-08 11:13] [ALPM] installed libnpth (1.6-1)
[2019-03-08 11:13] [ALPM] installed nettle (3.4.1-1)
[2019-03-08 11:13] [ALPM] installed pinentry (1.1.0-2)
[2019-03-08 11:13] [ALPM] upgraded gnupg (1.4.22-3 -> 2.2.13-1)
[2019-03-08 11:13] [ALPM-SCRIPTLET] ==> Appending keys from msys2.gpg...
[2019-03-08 11:13] [ALPM-SCRIPTLET] gpg: starting migration from earlier GnuPG versions
[2019-03-08 11:13] [ALPM-SCRIPTLET] gpg: porting secret keys from '/etc/pacman.d/gnupg/secring.gpg' to gpg-agent
[2019-03-08 11:13] [ALPM-SCRIPTLET] gpg: migration succeeded
[2019-03-08 11:13] [ALPM-SCRIPTLET] ==> Locally signing trusted keys in keyring...
[2019-03-08 11:13] [ALPM-SCRIPTLET]   -> Locally signing key D55E7A6D7CE9BA1587C0ACACF40D263ECA25678A...
[2019-03-08 11:13] [ALPM-SCRIPTLET]   -> Locally signing key 123D4D51A1793859C2BE916BBBE514E53E0D0813...
[2019-03-08 11:13] [ALPM-SCRIPTLET]   -> Locally signing key B91BCF3303284BF90CC043CA9F418C233E652008...
[2019-03-08 11:13] [ALPM-SCRIPTLET]   -> Locally signing key 9DD0D4217D75A33B896159E6DA7EF2ABAEEA755C...
[2019-03-08 11:13] [ALPM-SCRIPTLET] ==> Importing owner trust values...
[2019-03-08 11:13] [ALPM-SCRIPTLET] ==> Updating trust database...
[2019-03-08 11:13] [ALPM-SCRIPTLET] gpg: no need for a trustdb check
[2019-03-08 11:13] [ALPM] upgraded libarchive (3.3.2-1 -> 3.3.3-3)
[2019-03-08 11:13] [ALPM] upgraded libargp (20110921-1 -> 20110921-2)
[2019-03-08 11:13] [ALPM] upgraded libgpgme (1.6.0-1 -> 1.12.0-1)
[2019-03-08 11:13] [ALPM] upgraded libpcre16 (8.40-2 -> 8.43-1)
[2019-03-08 11:13] [ALPM] upgraded libpcre32 (8.40-2 -> 8.43-1)
[2019-03-08 11:13] [ALPM] upgraded libpcrecpp (8.40-2 -> 8.43-1)
[2019-03-08 11:13] [ALPM] upgraded libpcreposix (8.40-2 -> 8.43-1)
[2019-03-08 11:13] [ALPM] upgraded libutil-linux (2.26.2-1 -> 2.32.1-1)
[2019-03-08 11:13] [ALPM] upgraded m4 (1.4.18-1 -> 1.4.18-2)
[2019-03-08 11:13] [ALPM] upgraded pcre (8.40-2 -> 8.43-1)
[2019-03-08 11:13] [ALPM] upgraded xz (5.2.3-1 -> 5.2.4-1)
[2019-03-08 11:13] [ALPM] upgraded pkgfile (17-1 -> 19-1)
[2019-03-08 11:13] [ALPM] upgraded rebase (4.4.2-1 -> 4.4.4-1)
[2019-03-08 11:13] [ALPM] upgraded time (1.7-1 -> 1.9-1)
[2019-03-08 11:13] [ALPM] upgraded ttyrec (1.0.8-1 -> 1.0.8-2)
[2019-03-08 11:13] [ALPM] upgraded util-linux (2.26.2-1 -> 2.32.1-1)
[2019-03-08 11:13] [ALPM] installed libpcre2_8 (10.32-1)
[2019-03-08 11:13] [ALPM] upgraded wget (1.19.4-1 -> 1.20.1-2)
[2019-03-08 11:13] [ALPM] transaction completed
[2019-03-08 11:14] [PACMAN] Running 'pacman -Su'
[2019-03-08 11:14] [PACMAN] starting core system upgrade
[2019-03-08 11:14] [PACMAN] starting full system upgrade
[2019-03-08 11:23] [PACMAN] Running 'pacman -S make'
[2019-03-08 11:23] [ALPM] transaction started
[2019-03-08 11:23] [ALPM] installed make (4.2.1-1)
[2019-03-08 11:23] [ALPM] transaction completed
[2020-01-31 13:31] [PACMAN] Running 'pacman -Syu'
[2020-01-31 13:31] [PACMAN] synchronizing package lists
[2020-01-31 13:31] [PACMAN] starting core system upgrade
[2020-01-31 13:32] [ALPM] transaction started
[2020-01-31 13:32] [ALPM] upgraded filesystem (2018.12-1 -> 2020.01-1)
[2020-01-31 13:32] [ALPM] upgraded msys2-runtime (2.11.2-1 -> 3.0.7-6)
[2020-01-31 13:32] [ALPM] upgraded mintty (1~2.9.5-1 -> 1~3.1.0-1)
[2020-01-31 13:32] [ALPM] installed libzstd (1.4.4-2)
[2020-01-31 13:32] [ALPM] installed zstd (1.4.4-2)
[2020-01-31 13:32] [ALPM] upgraded pacman (5.1.2-2 -> 5.2.1-6)
[2020-01-31 13:32] [ALPM] transaction completed
[2020-01-31T13:33:04+1300] [PACMAN] Running 'pacman -Syu'
[2020-01-31T13:33:04+1300] [PACMAN] synchronizing package lists
[2020-01-31T13:33:06+1300] [PACMAN] starting core system upgrade
[2020-01-31T13:33:06+1300] [PACMAN] starting full system upgrade
[2020-01-31T13:33:51+1300] [ALPM] transaction started
[2020-01-31T13:33:54+1300] [ALPM] upgraded bash-completion (2.8-2 -> 2.10-1)
[2020-01-31T13:33:54+1300] [ALPM] upgraded gcc-libs (7.4.0-1 -> 9.1.0-2)
[2020-01-31T13:33:55+1300] [ALPM] upgraded brotli (1.0.7-1 -> 1.0.7-2)
[2020-01-31T13:33:55+1300] [ALPM] upgraded libbz2 (1.0.6-2 -> 1.0.8-1)
[2020-01-31T13:33:55+1300] [ALPM] upgraded libiconv (1.15-1 -> 1.16-1)
[2020-01-31T13:33:55+1300] [ALPM] upgraded libexpat (2.2.6-1 -> 2.2.9-1)
[2020-01-31T13:33:55+1300] [ALPM] upgraded liblz4 (1.8.3-1 -> 1.9.2-1)
[2020-01-31T13:33:55+1300] [ALPM] upgraded libhogweed (3.4.1-1 -> 3.5.1-1)
[2020-01-31T13:33:55+1300] [ALPM] upgraded libnettle (3.4.1-1 -> 3.5.1-1)
[2020-01-31T13:33:57+1300] [ALPM] upgraded coreutils (8.30-1 -> 8.31-1)
[2020-01-31T13:33:58+1300] [ALPM] upgraded icu (62.1-1 -> 65.1-1)
[2020-01-31T13:34:25+1300] [ALPM] upgraded ncurses (6.1.20180908-1 -> 6.1.20191228-1)
[2020-01-31T13:34:25+1300] [ALPM] upgraded libreadline (7.0.005-1 -> 8.0.001-1)
[2020-01-31T13:34:26+1300] [ALPM] upgraded libxml2 (2.9.9-2 -> 2.9.10-2)
[2020-01-31T13:34:26+1300] [ALPM] upgraded bsdcpio (3.3.3-3 -> 3.4.1-1)
[2020-01-31T13:34:26+1300] [ALPM] upgraded bsdtar (3.3.3-3 -> 3.4.1-1)
[2020-01-31T13:34:26+1300] [ALPM] upgraded bzip2 (1.0.6-2 -> 1.0.8-1)
[2020-01-31T13:34:26+1300] [ALPM] upgraded libopenssl (1.1.1.b-1 -> 1.1.1.d-1)
[2020-01-31T13:35:01+1300] [ALPM] upgraded openssl (1.1.1.b-1 -> 1.1.1.d-1)
[2020-01-31T13:35:01+1300] [ALPM] upgraded findutils (4.6.0-1 -> 4.7.0-1)
[2020-01-31T13:35:02+1300] [ALPM] upgraded sed (4.7-1 -> 4.8-1)
[2020-01-31T13:35:02+1300] [ALPM] upgraded libpcre (8.43-1 -> 8.43-2)
[2020-01-31T13:35:02+1300] [ALPM] upgraded less (530-1 -> 551-1)
[2020-01-31T13:35:02+1300] [ALPM] upgraded info (6.5-2 -> 6.6-1)
[2020-01-31T13:35:03+1300] [ALPM] upgraded libtasn1 (4.13-1 -> 4.15.0-1)
[2020-01-31T13:35:03+1300] [ALPM] upgraded libgpg-error (1.35-1 -> 1.36-1)
[2020-01-31T13:35:03+1300] [ALPM] upgraded libgcrypt (1.8.4-1 -> 1.8.5-1)
[2020-01-31T13:35:03+1300] [ALPM] upgraded libxslt (1.1.33-2 -> 1.1.34-1)
[2020-01-31T13:35:03+1300] [ALPM] upgraded libp11-kit (0.23.15-1 -> 0.23.19-1)
[2020-01-31T13:35:03+1300] [ALPM] upgraded p11-kit (0.23.15-1 -> 0.23.19-1)
[2020-01-31T13:35:04+1300] [ALPM] upgraded ca-certificates (20180409-1 -> 20190110-1)
[2020-01-31T13:35:06+1300] [ALPM] upgraded libedit (3.1-20170329 -> 20191231_3.1-1)
[2020-01-31T13:35:06+1300] [ALPM] upgraded libsqlite (3.21.0-4 -> 3.30.0-1)
[2020-01-31T13:35:06+1300] [ALPM] upgraded heimdal-libs (7.5.0-3 -> 7.7.0-1)
[2020-01-31T13:35:06+1300] [ALPM] upgraded libidn2 (2.1.1a-1 -> 2.3.0-1)
[2020-01-31T13:35:06+1300] [ALPM] upgraded libnghttp2 (1.36.0-1 -> 1.40.0-1)
[2020-01-31T13:35:06+1300] [ALPM] upgraded libpsl (0.20.2-3 -> 0.21.0-1)
[2020-01-31T13:35:07+1300] [ALPM] upgraded libssh2 (1.8.0-2 -> 1.9.0-1)
[2020-01-31T13:35:07+1300] [ALPM] upgraded libcurl (7.64.0-2 -> 7.68.0-1)
[2020-01-31T13:35:08+1300] [ALPM] upgraded curl (7.64.0-2 -> 7.68.0-1)
[2020-01-31T13:35:08+1300] [ALPM] upgraded dtc (1.4.7-1 -> 1.5.1-1)
[2020-01-31T13:35:08+1300] [ALPM] upgraded file (5.36-1 -> 5.38-1)
[2020-01-31T13:35:09+1300] [ALPM] upgraded gawk (4.2.1-2 -> 5.0.1-1)
[2020-01-31T13:35:09+1300] [ALPM] upgraded libgnutls (3.6.6-2 -> 3.6.11.1-1)
[2020-01-31T13:35:10+1300] [ALPM] upgraded nettle (3.4.1-1 -> 3.5.1-1)
[2020-01-31T13:35:11+1300] [ALPM] upgraded gnupg (2.2.13-1 -> 2.2.19-1)
[2020-01-31T13:35:17+1300] [ALPM-SCRIPTLET] ==> Appending keys from msys2.gpg...
[2020-01-31T13:35:17+1300] [ALPM-SCRIPTLET] ==> Locally signing trusted keys in keyring...
[2020-01-31T13:35:17+1300] [ALPM-SCRIPTLET]   -> Locally signing key D55E7A6D7CE9BA1587C0ACACF40D263ECA25678A...
[2020-01-31T13:35:23+1300] [ALPM-SCRIPTLET]   -> Locally signing key 123D4D51A1793859C2BE916BBBE514E53E0D0813...
[2020-01-31T13:35:23+1300] [ALPM-SCRIPTLET]   -> Locally signing key B91BCF3303284BF90CC043CA9F418C233E652008...
[2020-01-31T13:35:24+1300] [ALPM-SCRIPTLET]   -> Locally signing key 9DD0D4217D75A33B896159E6DA7EF2ABAEEA755C...
[2020-01-31T13:35:24+1300] [ALPM-SCRIPTLET] ==> Importing owner trust values...
[2020-01-31T13:35:24+1300] [ALPM-SCRIPTLET] ==> Updating trust database...
[2020-01-31T13:35:24+1300] [ALPM-SCRIPTLET] gpg: no need for a trustdb check
[2020-01-31T13:35:24+1300] [ALPM] upgraded tftp-hpa (5.2-2 -> 5.2-3)
[2020-01-31T13:35:24+1300] [ALPM] upgraded inetutils (1.9.4-1 -> 1.9.4-2)
[2020-01-31T13:35:25+1300] [ALPM] upgraded libarchive (3.3.3-3 -> 3.4.1-1)
[2020-01-31T13:35:25+1300] [ALPM] upgraded libgpgme (1.12.0-1 -> 1.13.1-1)
[2020-01-31T13:35:25+1300] [ALPM] upgraded libpcre16 (8.43-1 -> 8.43-2)
[2020-01-31T13:35:25+1300] [ALPM] upgraded libpcre2_8 (10.32-1 -> 10.34-1)
[2020-01-31T13:35:25+1300] [ALPM] upgraded libpcre32 (8.43-1 -> 8.43-2)
[2020-01-31T13:35:25+1300] [ALPM] upgraded libpcrecpp (8.43-1 -> 8.43-2)
[2020-01-31T13:35:25+1300] [ALPM] upgraded libpcreposix (8.43-1 -> 8.43-2)
[2020-01-31T13:35:25+1300] [ALPM] upgraded libutil-linux (2.32.1-1 -> 2.35-1)
[2020-01-31T13:35:26+1300] [ALPM] upgraded make (4.2.1-1 -> 4.3-1)
[2020-01-31T13:35:27+1300] [ALPM] upgraded pcre (8.43-1 -> 8.43-2)
[2020-01-31T13:35:27+1300] [ALPM] upgraded pkgfile (19-1 -> 21-1)
[2020-01-31T13:35:34+1300] [ALPM] upgraded tzcode (2018.c-1 -> 2019.a-1)
[2020-01-31T13:35:35+1300] [ALPM] upgraded util-linux (2.32.1-1 -> 2.35-1)
[2020-01-31T13:35:35+1300] [ALPM] upgraded wget (1.20.1-2 -> 1.20.3-1)
[2020-01-31T13:35:35+1300] [ALPM] transaction completed
